[
  {
    "line": 2,
    "elements": [
      {
        "line": 4,
        "name": "Open the login page",
        "description": "",
        "type": "background",
        "keyword": "Background",
        "steps": [
          {
            "result": {
              "duration": 13973862800,
              "status": "passed"
            },
            "line": 5,
            "name": "User has navigated on login page",
            "match": {
              "location": "LoginStepDefs.user_has_navigated_on_login_page()"
            },
            "keyword": "Given "
          }
        ]
      },
      {
        "start_timestamp": "2021-11-19T06:05:00.407Z",
        "before": [
          {
            "result": {
              "duration": 3783849400,
              "status": "passed"
            },
            "match": {
              "location": "BaseClass.setup()"
            }
          }
        ],
        "line": 8,
        "name": "Positive login Scenario",
        "description": "",
        "id": "login-feature;positive-login-scenario",
        "after": [
          {
            "result": {
              "duration": 754667000,
              "status": "passed"
            },
            "match": {
              "location": "BaseClass.teardown()"
            }
          }
        ],
        "type": "scenario",
        "keyword": "Scenario",
        "steps": [
          {
            "result": {
              "duration": 177439900,
              "status": "passed"
            },
            "line": 9,
            "name": "user enter correct username and password",
            "match": {
              "location": "LoginStepDefs.user_enter_correct_username_and_password()"
            },
            "keyword": "When "
          },
          {
            "result": {
              "duration": 2565731600,
              "status": "passed"
            },
            "line": 10,
            "name": "User clicks on login button",
            "match": {
              "location": "LoginStepDefs.user_clicks_on_login_button()"
            },
            "keyword": "And "
          },
          {
            "result": {
              "duration": 687000,
              "status": "passed"
            },
            "line": 11,
            "name": "user should be navigated to the Homepage",
            "match": {
              "location": "LoginStepDefs.user_should_be_navigated_to_dashboard()"
            },
            "keyword": "Then "
          }
        ],
        "tags": [
          {
            "name": "@LoginFeature"
          },
          {
            "name": "@Regression"
          },
          {
            "name": "@Sanity"
          }
        ]
      },
      {
        "line": 4,
        "name": "Open the login page",
        "description": "",
        "type": "background",
        "keyword": "Background",
        "steps": [
          {
            "result": {
              "duration": 8290773400,
              "status": "passed"
            },
            "line": 5,
            "name": "User has navigated on login page",
            "match": {
              "location": "LoginStepDefs.user_has_navigated_on_login_page()"
            },
            "keyword": "Given "
          }
        ]
      },
      {
        "start_timestamp": "2021-11-19T06:05:21.733Z",
        "before": [
          {
            "result": {
              "duration": 2733876400,
              "status": "passed"
            },
            "match": {
              "location": "BaseClass.setup()"
            }
          }
        ],
        "line": 26,
        "name": "Positive Login Scenario",
        "description": "",
        "id": "login-feature;positive-login-scenario;;2",
        "after": [
          {
            "result": {
              "duration": 751174500,
              "status": "passed"
            },
            "match": {
              "location": "BaseClass.teardown()"
            }
          }
        ],
        "type": "scenario",
        "keyword": "Scenario Outline",
        "steps": [
          {
            "result": {
              "error_message": "org.openqa.selenium.NoSuchElementException: no such element: Unable to locate element: {\"method\":\"css selector\",\"selector\":\"*[name\u003d\u0027user_login\u0027]\"}\n  (Session info: chrome\u003d96.0.4664.45)\nFor documentation on this error, please visit: https://www.seleniumhq.org/exceptions/no_such_element.html\nBuild info: version: \u00273.141.59\u0027, revision: \u0027e82be7d358\u0027, time: \u00272018-11-14T08:17:03\u0027\nSystem info: host: \u0027CSCO-W-PF2RPVYL\u0027, ip: \u0027192.168.211.117\u0027, os.name: \u0027Windows 10\u0027, os.arch: \u0027amd64\u0027, os.version: \u002710.0\u0027, java.version: \u002716.0.2\u0027\nDriver info: org.openqa.selenium.chrome.ChromeDriver\nCapabilities {acceptInsecureCerts: false, browserName: chrome, browserVersion: 96.0.4664.45, chrome: {chromedriverVersion: 96.0.4664.45 (76e4c1bb2ab46..., userDataDir: C:\\Users\\svarfa\\AppData\\Loc...}, goog:chromeOptions: {debuggerAddress: localhost:54958}, javascriptEnabled: true, networkConnectionEnabled: false, pageLoadStrategy: normal, platform: WINDOWS, platformName: WINDOWS, proxy: Proxy(), setWindowRect: true, strictFileInteractability: false, timeouts: {implicit: 0, pageLoad: 300000, script: 30000}, unhandledPromptBehavior: dismiss and notify, webauthn:extension:credBlob: true, webauthn:extension:largeBlob: true, webauthn:virtualAuthenticators: true}\nSession ID: a773eb587fb55a90f5118c49745fd200\n*** Element info: {Using\u003dname, value\u003duser_login}\r\n\tat java.base/jdk.internal.reflect.NativeConstructorAccessorImpl.newInstance0(Native Method)\r\n\tat java.base/jdk.internal.reflect.NativeConstructorAccessorImpl.newInstance(NativeConstructorAccessorImpl.java:78)\r\n\tat java.base/jdk.internal.reflect.DelegatingConstructorAccessorImpl.newInstance(DelegatingConstructorAccessorImpl.java:45)\r\n\tat java.base/java.lang.reflect.Constructor.newInstanceWithCaller(Constructor.java:499)\r\n\tat java.base/java.lang.reflect.Constructor.newInstance(Constructor.java:480)\r\n\tat org.openqa.selenium.remote.http.W3CHttpResponseCodec.createException(W3CHttpResponseCodec.java:187)\r\n\tat org.openqa.selenium.remote.http.W3CHttpResponseCodec.decode(W3CHttpResponseCodec.java:122)\r\n\tat org.openqa.selenium.remote.http.W3CHttpResponseCodec.decode(W3CHttpResponseCodec.java:49)\r\n\tat org.openqa.selenium.remote.HttpCommandExecutor.execute(HttpCommandExecutor.java:158)\r\n\tat org.openqa.selenium.remote.service.DriverCommandExecutor.execute(DriverCommandExecutor.java:83)\r\n\tat org.openqa.selenium.remote.RemoteWebDriver.execute(RemoteWebDriver.java:552)\r\n\tat org.openqa.selenium.remote.RemoteWebDriver.findElement(RemoteWebDriver.java:323)\r\n\tat org.openqa.selenium.remote.RemoteWebDriver.findElementByName(RemoteWebDriver.java:404)\r\n\tat org.openqa.selenium.By$ByName.findElement(By.java:284)\r\n\tat org.openqa.selenium.remote.RemoteWebDriver.findElement(RemoteWebDriver.java:315)\r\n\tat stepdefs.LoginStepDefs.user_enter_correct_username_something_and_password_something(LoginStepDefs.java:47)\r\n\tat ✽.user enter correct username \"Asc@gmail.com\" and password \"Aytr1@edhj\"(file:src/test/java/features/Login.feature:20)\r\n",
              "duration": 4078206100,
              "status": "failed"
            },
            "line": 20,
            "name": "user enter correct username \"Asc@gmail.com\" and password \"Aytr1@edhj\"",
            "match": {
              "arguments": [
                {
                  "val": "Asc@gmail.com",
                  "offset": 29
                },
                {
                  "val": "Aytr1@edhj",
                  "offset": 58
                }
              ],
              "location": "LoginStepDefs.user_enter_correct_username_something_and_password_something(String,String)"
            },
            "keyword": "When "
          },
          {
            "result": {
              "duration": 431700,
              "status": "skipped"
            },
            "line": 21,
            "name": "User clicks on login button",
            "match": {
              "location": "LoginStepDefs.user_clicks_on_login_button()"
            },
            "keyword": "And "
          },
          {
            "result": {
              "duration": 413000,
              "status": "skipped"
            },
            "line": 22,
            "name": "user should be navigated to the Homepage",
            "match": {
              "location": "LoginStepDefs.user_should_be_navigated_to_dashboard()"
            },
            "keyword": "Then "
          }
        ],
        "tags": [
          {
            "name": "@LoginFeature"
          }
        ]
      },
      {
        "line": 4,
        "name": "Open the login page",
        "description": "",
        "type": "background",
        "keyword": "Background",
        "steps": [
          {
            "result": {
              "duration": 17588328900,
              "status": "passed"
            },
            "line": 5,
            "name": "User has navigated on login page",
            "match": {
              "location": "LoginStepDefs.user_has_navigated_on_login_page()"
            },
            "keyword": "Given "
          }
        ]
      },
      {
        "start_timestamp": "2021-11-19T06:05:37.609Z",
        "before": [
          {
            "result": {
              "duration": 2726350000,
              "status": "passed"
            },
            "match": {
              "location": "BaseClass.setup()"
            }
          }
        ],
        "line": 27,
        "name": "Positive Login Scenario",
        "description": "",
        "id": "login-feature;positive-login-scenario;;3",
        "after": [
          {
            "result": {
              "duration": 972936900,
              "status": "passed"
            },
            "match": {
              "location": "BaseClass.teardown()"
            }
          }
        ],
        "type": "scenario",
        "keyword": "Scenario Outline",
        "steps": [
          {
            "result": {
              "error_message": "org.openqa.selenium.NoSuchElementException: no such element: Unable to locate element: {\"method\":\"css selector\",\"selector\":\"*[name\u003d\u0027user_login\u0027]\"}\n  (Session info: chrome\u003d96.0.4664.45)\nFor documentation on this error, please visit: https://www.seleniumhq.org/exceptions/no_such_element.html\nBuild info: version: \u00273.141.59\u0027, revision: \u0027e82be7d358\u0027, time: \u00272018-11-14T08:17:03\u0027\nSystem info: host: \u0027CSCO-W-PF2RPVYL\u0027, ip: \u0027192.168.211.117\u0027, os.name: \u0027Windows 10\u0027, os.arch: \u0027amd64\u0027, os.version: \u002710.0\u0027, java.version: \u002716.0.2\u0027\nDriver info: org.openqa.selenium.chrome.ChromeDriver\nCapabilities {acceptInsecureCerts: false, browserName: chrome, browserVersion: 96.0.4664.45, chrome: {chromedriverVersion: 96.0.4664.45 (76e4c1bb2ab46..., userDataDir: C:\\Users\\svarfa\\AppData\\Loc...}, goog:chromeOptions: {debuggerAddress: localhost:55000}, javascriptEnabled: true, networkConnectionEnabled: false, pageLoadStrategy: normal, platform: WINDOWS, platformName: WINDOWS, proxy: Proxy(), setWindowRect: true, strictFileInteractability: false, timeouts: {implicit: 0, pageLoad: 300000, script: 30000}, unhandledPromptBehavior: dismiss and notify, webauthn:extension:credBlob: true, webauthn:extension:largeBlob: true, webauthn:virtualAuthenticators: true}\nSession ID: 0ca260a10e17aa984b5d9905c8929e87\n*** Element info: {Using\u003dname, value\u003duser_login}\r\n\tat java.base/jdk.internal.reflect.NativeConstructorAccessorImpl.newInstance0(Native Method)\r\n\tat java.base/jdk.internal.reflect.NativeConstructorAccessorImpl.newInstance(NativeConstructorAccessorImpl.java:78)\r\n\tat java.base/jdk.internal.reflect.DelegatingConstructorAccessorImpl.newInstance(DelegatingConstructorAccessorImpl.java:45)\r\n\tat java.base/java.lang.reflect.Constructor.newInstanceWithCaller(Constructor.java:499)\r\n\tat java.base/java.lang.reflect.Constructor.newInstance(Constructor.java:480)\r\n\tat org.openqa.selenium.remote.http.W3CHttpResponseCodec.createException(W3CHttpResponseCodec.java:187)\r\n\tat org.openqa.selenium.remote.http.W3CHttpResponseCodec.decode(W3CHttpResponseCodec.java:122)\r\n\tat org.openqa.selenium.remote.http.W3CHttpResponseCodec.decode(W3CHttpResponseCodec.java:49)\r\n\tat org.openqa.selenium.remote.HttpCommandExecutor.execute(HttpCommandExecutor.java:158)\r\n\tat org.openqa.selenium.remote.service.DriverCommandExecutor.execute(DriverCommandExecutor.java:83)\r\n\tat org.openqa.selenium.remote.RemoteWebDriver.execute(RemoteWebDriver.java:552)\r\n\tat org.openqa.selenium.remote.RemoteWebDriver.findElement(RemoteWebDriver.java:323)\r\n\tat org.openqa.selenium.remote.RemoteWebDriver.findElementByName(RemoteWebDriver.java:404)\r\n\tat org.openqa.selenium.By$ByName.findElement(By.java:284)\r\n\tat org.openqa.selenium.remote.RemoteWebDriver.findElement(RemoteWebDriver.java:315)\r\n\tat stepdefs.LoginStepDefs.user_enter_correct_username_something_and_password_something(LoginStepDefs.java:47)\r\n\tat ✽.user enter correct username \"edfa@gmail.com\" and password \"Ayg133@dhj\"(file:src/test/java/features/Login.feature:20)\r\n",
              "duration": 4034515800,
              "status": "failed"
            },
            "line": 20,
            "name": "user enter correct username \"edfa@gmail.com\" and password \"Ayg133@dhj\"",
            "match": {
              "arguments": [
                {
                  "val": "edfa@gmail.com",
                  "offset": 29
                },
                {
                  "val": "Ayg133@dhj",
                  "offset": 59
                }
              ],
              "location": "LoginStepDefs.user_enter_correct_username_something_and_password_something(String,String)"
            },
            "keyword": "When "
          },
          {
            "result": {
              "duration": 1478200,
              "status": "skipped"
            },
            "line": 21,
            "name": "User clicks on login button",
            "match": {
              "location": "LoginStepDefs.user_clicks_on_login_button()"
            },
            "keyword": "And "
          },
          {
            "result": {
              "duration": 885300,
              "status": "skipped"
            },
            "line": 22,
            "name": "user should be navigated to the Homepage",
            "match": {
              "location": "LoginStepDefs.user_should_be_navigated_to_dashboard()"
            },
            "keyword": "Then "
          }
        ],
        "tags": [
          {
            "name": "@LoginFeature"
          }
        ]
      },
      {
        "line": 4,
        "name": "Open the login page",
        "description": "",
        "type": "background",
        "keyword": "Background",
        "steps": [
          {
            "result": {
              "duration": 10133964000,
              "status": "passed"
            },
            "line": 5,
            "name": "User has navigated on login page",
            "match": {
              "location": "LoginStepDefs.user_has_navigated_on_login_page()"
            },
            "keyword": "Given "
          }
        ]
      },
      {
        "start_timestamp": "2021-11-19T06:06:02.951Z",
        "before": [
          {
            "result": {
              "duration": 2747759100,
              "status": "passed"
            },
            "match": {
              "location": "BaseClass.setup()"
            }
          }
        ],
        "line": 36,
        "name": "Negative Login Scenario",
        "description": "",
        "id": "login-feature;negative-login-scenario;;2",
        "after": [
          {
            "result": {
              "duration": 735647600,
              "status": "passed"
            },
            "match": {
              "location": "BaseClass.teardown()"
            }
          }
        ],
        "type": "scenario",
        "keyword": "Scenario Outline",
        "steps": [
          {
            "result": {
              "error_message": "org.openqa.selenium.NoSuchElementException: no such element: Unable to locate element: {\"method\":\"css selector\",\"selector\":\"*[name\u003d\u0027user_login\u0027]\"}\n  (Session info: chrome\u003d96.0.4664.45)\nFor documentation on this error, please visit: https://www.seleniumhq.org/exceptions/no_such_element.html\nBuild info: version: \u00273.141.59\u0027, revision: \u0027e82be7d358\u0027, time: \u00272018-11-14T08:17:03\u0027\nSystem info: host: \u0027CSCO-W-PF2RPVYL\u0027, ip: \u0027192.168.211.117\u0027, os.name: \u0027Windows 10\u0027, os.arch: \u0027amd64\u0027, os.version: \u002710.0\u0027, java.version: \u002716.0.2\u0027\nDriver info: org.openqa.selenium.chrome.ChromeDriver\nCapabilities {acceptInsecureCerts: false, browserName: chrome, browserVersion: 96.0.4664.45, chrome: {chromedriverVersion: 96.0.4664.45 (76e4c1bb2ab46..., userDataDir: C:\\Users\\svarfa\\AppData\\Loc...}, goog:chromeOptions: {debuggerAddress: localhost:55053}, javascriptEnabled: true, networkConnectionEnabled: false, pageLoadStrategy: normal, platform: WINDOWS, platformName: WINDOWS, proxy: Proxy(), setWindowRect: true, strictFileInteractability: false, timeouts: {implicit: 0, pageLoad: 300000, script: 30000}, unhandledPromptBehavior: dismiss and notify, webauthn:extension:credBlob: true, webauthn:extension:largeBlob: true, webauthn:virtualAuthenticators: true}\nSession ID: 5d446fd77b002ff7baf9a1e32d359b82\n*** Element info: {Using\u003dname, value\u003duser_login}\r\n\tat java.base/jdk.internal.reflect.NativeConstructorAccessorImpl.newInstance0(Native Method)\r\n\tat java.base/jdk.internal.reflect.NativeConstructorAccessorImpl.newInstance(NativeConstructorAccessorImpl.java:78)\r\n\tat java.base/jdk.internal.reflect.DelegatingConstructorAccessorImpl.newInstance(DelegatingConstructorAccessorImpl.java:45)\r\n\tat java.base/java.lang.reflect.Constructor.newInstanceWithCaller(Constructor.java:499)\r\n\tat java.base/java.lang.reflect.Constructor.newInstance(Constructor.java:480)\r\n\tat org.openqa.selenium.remote.http.W3CHttpResponseCodec.createException(W3CHttpResponseCodec.java:187)\r\n\tat org.openqa.selenium.remote.http.W3CHttpResponseCodec.decode(W3CHttpResponseCodec.java:122)\r\n\tat org.openqa.selenium.remote.http.W3CHttpResponseCodec.decode(W3CHttpResponseCodec.java:49)\r\n\tat org.openqa.selenium.remote.HttpCommandExecutor.execute(HttpCommandExecutor.java:158)\r\n\tat org.openqa.selenium.remote.service.DriverCommandExecutor.execute(DriverCommandExecutor.java:83)\r\n\tat org.openqa.selenium.remote.RemoteWebDriver.execute(RemoteWebDriver.java:552)\r\n\tat org.openqa.selenium.remote.RemoteWebDriver.findElement(RemoteWebDriver.java:323)\r\n\tat org.openqa.selenium.remote.RemoteWebDriver.findElementByName(RemoteWebDriver.java:404)\r\n\tat org.openqa.selenium.By$ByName.findElement(By.java:284)\r\n\tat org.openqa.selenium.remote.RemoteWebDriver.findElement(RemoteWebDriver.java:315)\r\n\tat stepdefs.LoginStepDefs.user_enter_correct_username_something_and_password_something(LoginStepDefs.java:47)\r\n\tat ✽.user enter correct username \"Asc@gmail.com\" and password \"Aytr1@edhj\"(file:src/test/java/features/Login.feature:30)\r\n",
              "duration": 4038033100,
              "status": "failed"
            },
            "line": 30,
            "name": "user enter correct username \"Asc@gmail.com\" and password \"Aytr1@edhj\"",
            "match": {
              "arguments": [
                {
                  "val": "Asc@gmail.com",
                  "offset": 29
                },
                {
                  "val": "Aytr1@edhj",
                  "offset": 58
                }
              ],
              "location": "LoginStepDefs.user_enter_correct_username_something_and_password_something(String,String)"
            },
            "keyword": "When "
          },
          {
            "result": {
              "duration": 662200,
              "status": "skipped"
            },
            "line": 31,
            "name": "User clicks on login button",
            "match": {
              "location": "LoginStepDefs.user_clicks_on_login_button()"
            },
            "keyword": "And "
          },
          {
            "result": {
              "duration": 444500,
              "status": "skipped"
            },
            "line": 32,
            "name": "user should be get message \"The email or password you have entered is invalid.\"",
            "match": {
              "arguments": [
                {
                  "val": "The email or password you have entered is invalid.",
                  "offset": 28
                }
              ],
              "location": "LoginStepDefs.user_should_be_get_message_something(String)"
            },
            "keyword": "Then "
          }
        ],
        "tags": [
          {
            "name": "@LoginFeature"
          }
        ]
      },
      {
        "line": 4,
        "name": "Open the login page",
        "description": "",
        "type": "background",
        "keyword": "Background",
        "steps": [
          {
            "result": {
              "duration": 19306710000,
              "status": "passed"
            },
            "line": 5,
            "name": "User has navigated on login page",
            "match": {
              "location": "LoginStepDefs.user_has_navigated_on_login_page()"
            },
            "keyword": "Given "
          }
        ]
      },
      {
        "start_timestamp": "2021-11-19T06:06:20.622Z",
        "before": [
          {
            "result": {
              "duration": 2446580000,
              "status": "passed"
            },
            "match": {
              "location": "BaseClass.setup()"
            }
          }
        ],
        "line": 37,
        "name": "Negative Login Scenario",
        "description": "",
        "id": "login-feature;negative-login-scenario;;3",
        "after": [
          {
            "result": {
              "duration": 675737900,
              "status": "passed"
            },
            "match": {
              "location": "BaseClass.teardown()"
            }
          }
        ],
        "type": "scenario",
        "keyword": "Scenario Outline",
        "steps": [
          {
            "result": {
              "duration": 295425400,
              "status": "passed"
            },
            "line": 30,
            "name": "user enter correct username \"edfa@gmail.com\" and password \"Ayg133@dhj\"",
            "match": {
              "arguments": [
                {
                  "val": "edfa@gmail.com",
                  "offset": 29
                },
                {
                  "val": "Ayg133@dhj",
                  "offset": 59
                }
              ],
              "location": "LoginStepDefs.user_enter_correct_username_something_and_password_something(String,String)"
            },
            "keyword": "When "
          },
          {
            "result": {
              "duration": 444725500,
              "status": "passed"
            },
            "line": 31,
            "name": "User clicks on login button",
            "match": {
              "location": "LoginStepDefs.user_clicks_on_login_button()"
            },
            "keyword": "And "
          },
          {
            "result": {
              "duration": 1051921000,
              "status": "passed"
            },
            "line": 32,
            "name": "user should be get message \"The email or password you have entered is invalid.\"",
            "match": {
              "arguments": [
                {
                  "val": "The email or password you have entered is invalid.",
                  "offset": 28
                }
              ],
              "location": "LoginStepDefs.user_should_be_get_message_something(String)"
            },
            "keyword": "Then "
          }
        ],
        "tags": [
          {
            "name": "@LoginFeature"
          }
        ]
      }
    ],
    "name": "Login feature",
    "description": "",
    "id": "login-feature",
    "keyword": "Feature",
    "uri": "file:src/test/java/features/Login.feature",
    "tags": [
      {
        "name": "@LoginFeature",
        "type": "Tag",
        "location": {
          "line": 1,
          "column": 1
        }
      }
    ]
  }
]